-------------------------------------------------------------------------------
Test set: com.serviciosalud.demo.AppSaludProyectoFinalApplicationTests
-------------------------------------------------------------------------------
Tests run: 1, Failures: 0, Errors: 1, Skipped: 0, Time elapsed: 22.701 s <<< FAILURE! - in com.serviciosalud.demo.AppSaludProyectoFinalApplicationTests
contextLoads  Time elapsed: 0.034 s  <<< ERROR!
java.lang.IllegalStateException: Failed to load ApplicationContext
Caused by: org.springframework.beans.factory.BeanCreationException: Error creating bean with name 'entityManagerFactory' defined in class path resource [org/springframework/boot/autoconfigure/orm/jpa/HibernateJpaConfiguration.class]: Invocation of init method failed; nested exception is org.hibernate.AnnotationException: No identifier specified for entity: com.serviciosalud.demo.entidades.Image
Caused by: org.hibernate.AnnotationException: No identifier specified for entity: com.serviciosalud.demo.entidades.Image

